[03:42:13 - AWT-EventQueue-0] [Cooja.java:2865] [INFO] - External tools default settings: /external_tools_linux.config
[03:42:13 - AWT-EventQueue-0] [Cooja.java:2895] [INFO] - External tools user settings: /home/user/.cooja.user.properties
[03:42:13 - AWT-EventQueue-0] [Cooja.java:4267] [WARN] - Replaced [CONTIKI_DIR]/tools/cooja/apps/mrm with /home/tools/cooja/apps/mrm (default: ../../..), but could not find it. This does not have to be an error, as the file might be created later.
[03:42:13 - AWT-EventQueue-0] [ProjectConfig.java:240] [WARN] - Trying to import non-existant project configuration: /home/tools/cooja/apps/mrm/cooja.config
[03:42:13 - AWT-EventQueue-0] [Cooja.java:4267] [WARN] - Replaced [CONTIKI_DIR]/tools/cooja/apps/mspsim with /home/tools/cooja/apps/mspsim (default: ../../..), but could not find it. This does not have to be an error, as the file might be created later.
[03:42:13 - AWT-EventQueue-0] [ProjectConfig.java:240] [WARN] - Trying to import non-existant project configuration: /home/tools/cooja/apps/mspsim/cooja.config
[03:42:13 - AWT-EventQueue-0] [Cooja.java:4267] [WARN] - Replaced [CONTIKI_DIR]/tools/cooja/apps/avrora with /home/tools/cooja/apps/avrora (default: ../../..), but could not find it. This does not have to be an error, as the file might be created later.
[03:42:13 - AWT-EventQueue-0] [ProjectConfig.java:240] [WARN] - Trying to import non-existant project configuration: /home/tools/cooja/apps/avrora/cooja.config
[03:42:13 - AWT-EventQueue-0] [Cooja.java:4267] [WARN] - Replaced [CONTIKI_DIR]/tools/cooja/apps/serial_socket with /home/tools/cooja/apps/serial_socket (default: ../../..), but could not find it. This does not have to be an error, as the file might be created later.
[03:42:13 - AWT-EventQueue-0] [ProjectConfig.java:240] [WARN] - Trying to import non-existant project configuration: /home/tools/cooja/apps/serial_socket/cooja.config
[03:42:13 - AWT-EventQueue-0] [Cooja.java:4267] [WARN] - Replaced [CONTIKI_DIR]/tools/cooja/apps/collect-view with /home/tools/cooja/apps/collect-view (default: ../../..), but could not find it. This does not have to be an error, as the file might be created later.
[03:42:13 - AWT-EventQueue-0] [ProjectConfig.java:240] [WARN] - Trying to import non-existant project configuration: /home/tools/cooja/apps/collect-view/cooja.config
[03:42:13 - AWT-EventQueue-0] [Cooja.java:4267] [WARN] - Replaced [CONTIKI_DIR]/tools/cooja/apps/powertracker with /home/tools/cooja/apps/powertracker (default: ../../..), but could not find it. This does not have to be an error, as the file might be created later.
[03:42:13 - AWT-EventQueue-0] [ProjectConfig.java:240] [WARN] - Trying to import non-existant project configuration: /home/tools/cooja/apps/powertracker/cooja.config
[03:42:13 - AWT-EventQueue-0] [Cooja.java:445] [FATAL] - Error when loading extensions: Error when loading extension: Project directory does not exist: /home/tools/cooja/apps/mrm
org.contikios.cooja.Cooja$ParseProjectsException: Error when loading extension: Project directory does not exist: /home/tools/cooja/apps/mrm
	at org.contikios.cooja.Cooja.reparseProjectConfig(Cooja.java:1536)
	at org.contikios.cooja.Cooja.<init>(Cooja.java:443)
	at org.contikios.cooja.Cooja$43.run(Cooja.java:3331)
	at java.awt.event.InvocationEvent.dispatch(InvocationEvent.java:312)
	at java.awt.EventQueue.dispatchEventImpl(EventQueue.java:745)
	at java.awt.EventQueue.access$300(EventQueue.java:103)
	at java.awt.EventQueue$3.run(EventQueue.java:706)
	at java.awt.EventQueue$3.run(EventQueue.java:704)
	at java.security.AccessController.doPrivileged(Native Method)
	at java.security.ProtectionDomain$1.doIntersectionPrivilege(ProtectionDomain.java:76)
	at java.awt.EventQueue.dispatchEvent(EventQueue.java:715)
	at java.awt.EventDispatchThread.pumpOneEventForFilters(EventDispatchThread.java:242)
	at java.awt.EventDispatchThread.pumpEventsForFilter(EventDispatchThread.java:161)
	at java.awt.EventDispatchThread.pumpEventsForHierarchy(EventDispatchThread.java:150)
	at java.awt.EventDispatchThread.pumpEvents(EventDispatchThread.java:146)
	at java.awt.EventDispatchThread.pumpEvents(EventDispatchThread.java:138)
	at java.awt.EventDispatchThread.run(EventDispatchThread.java:91)
Caused by: java.io.FileNotFoundException: Project directory does not exist: /home/tools/cooja/apps/mrm
	at org.contikios.cooja.ProjectConfig.appendProjectDir(ProjectConfig.java:142)
	at org.contikios.cooja.Cooja.reparseProjectConfig(Cooja.java:1534)
	... 16 more
